<?xml version="1.0" encoding="UTF-8"?>
<!-- Generated by org.testng.reporters.JUnitReportReporter -->
<testsuite hostname="DESKTOP-N0192LD" failures="0" tests="1" name="com.testCase.catalogue.VerifyLogin" time="7.115" errors="0" timestamp="2021-09-29T16:34:44 BDT" skipped="0">
  <testcase classname="com.testCase.catalogue.VerifyLogin" name="verifiedLogin" time="7.115"/>
  <system-out/>
</testsuite> <!-- com.testCase.catalogue.VerifyLogin -->
