<?xml version="1.0" encoding="UTF-8"?>
<!-- Generated by org.testng.reporters.JUnitReportReporter -->
<testsuite hostname="DESKTOP-N0192LD" failures="0" tests="1" name="com.testCase.catalogue.TCVerifyLogin" time="7.073" errors="0" timestamp="2021-09-29T17:53:22 BDT" skipped="0">
  <testcase classname="com.testCase.catalogue.TCVerifyLogin" name="verifiedLogin" time="7.073"/>
  <system-out/>
</testsuite> <!-- com.testCase.catalogue.TCVerifyLogin -->
