<?xml version="1.0" encoding="UTF-8"?>
<!-- Generated by org.testng.reporters.JUnitReportReporter -->
<testsuite hostname="DESKTOP-N0192LD" failures="0" tests="1" name="com.testCase.catalogue.AddCategoryWithOutProducts" time="20.906" errors="0" timestamp="2021-09-29T17:40:46 BDT" skipped="0">
  <testcase classname="com.testCase.catalogue.AddCategoryWithOutProducts" name="addCategory" time="20.906"/>
  <system-out/>
</testsuite> <!-- com.testCase.catalogue.AddCategoryWithOutProducts -->
